\BOOKMARK [1][-]{section.1}{Digital vs. Analog}{}% 1
\BOOKMARK [2][-]{subsection.1.1}{Analog}{section.1}% 2
\BOOKMARK [2][-]{subsection.1.2}{Digital}{section.1}% 3
\BOOKMARK [2][-]{subsection.1.3}{Unterschied Analog zu Digital}{section.1}% 4
\BOOKMARK [3][-]{subsubsection.1.3.1}{Integration}{subsection.1.3}% 5
\BOOKMARK [2][-]{subsection.1.4}{Von Analog zu Digital}{section.1}% 6
\BOOKMARK [1][-]{section.2}{Zahlendarstellungen und Codes}{}% 7
\BOOKMARK [2][-]{subsection.2.1}{Zahlensysteme}{section.2}% 8
\BOOKMARK [3][-]{subsubsection.2.1.1}{Zahlensysteme ohne festen Stellenwert}{subsection.2.1}% 9
\BOOKMARK [3][-]{subsubsection.2.1.2}{Zahlensysteme mit festem Stellenwert}{subsection.2.1}% 10
\BOOKMARK [2][-]{subsection.2.2}{Gebr\344uchliche polyadische Zahlensysteme}{section.2}% 11
\BOOKMARK [2][-]{subsection.2.3}{Begriffe im Zusammenhang mit dem bin\344ren Zahlensystem}{section.2}% 12
\BOOKMARK [2][-]{subsection.2.4}{Umwandlung von Dezimalzahlen}{section.2}% 13
\BOOKMARK [2][-]{subsection.2.5}{Addition}{section.2}% 14
\BOOKMARK [3][-]{subsubsection.2.5.1}{Ganzzahlen}{subsection.2.5}% 15
\BOOKMARK [3][-]{subsubsection.2.5.2}{Festkommazahlen}{subsection.2.5}% 16
\BOOKMARK [3][-]{subsubsection.2.5.3}{Vorzeichen-Darstellung}{subsection.2.5}% 17
\BOOKMARK [2][-]{subsection.2.6}{Einerkomplement}{section.2}% 18
\BOOKMARK [2][-]{subsection.2.7}{Zweierkomplement}{section.2}% 19
\BOOKMARK [2][-]{subsection.2.8}{Subtraktion}{section.2}% 20
\BOOKMARK [2][-]{subsection.2.9}{Bereichs\374berschreitung}{section.2}% 21
\BOOKMARK [2][-]{subsection.2.10}{Codes}{section.2}% 22
\BOOKMARK [1][-]{section.3}{Schaltalgebra}{}% 23
\BOOKMARK [2][-]{subsection.3.1}{Symbolik}{section.3}% 24
\BOOKMARK [2][-]{subsection.3.2}{Rechenregeln}{section.3}% 25
\BOOKMARK [2][-]{subsection.3.3}{Vereinfachungen}{section.3}% 26
\BOOKMARK [2][-]{subsection.3.4}{Shannon und DeMorgan}{section.3}% 27
\BOOKMARK [2][-]{subsection.3.5}{Normalformen}{section.3}% 28
\BOOKMARK [3][-]{subsubsection.3.5.1}{Kanonisch disjunktive Normalform}{subsection.3.5}% 29
\BOOKMARK [3][-]{subsubsection.3.5.2}{Kanonisch konjunktive Normalform}{subsection.3.5}% 30
\BOOKMARK [2][-]{subsection.3.6}{Karnaugh-Diagramm}{section.3}% 31
\BOOKMARK [3][-]{subsubsection.3.6.1}{Arbeiten mit dem KV-Diagramm}{subsection.3.6}% 32
\BOOKMARK [1][-]{section.4}{Logische Gatter}{}% 33
\BOOKMARK [2][-]{subsubsection.4.0.2}{Ralisierungsaufwand}{section.4}% 34
\BOOKMARK [2][-]{subsection.4.1}{Anzahl Schaltfunktionen}{section.4}% 35
\BOOKMARK [2][-]{subsection.4.2}{Verhalten logischer Gatter}{section.4}% 36
\BOOKMARK [3][-]{subsubsection.4.2.1}{St\366rabstand}{subsection.4.2}% 37
\BOOKMARK [3][-]{subsubsection.4.2.2}{Propagation delay Time Anstiegs-/Abstiegszeit}{subsection.4.2}% 38
\BOOKMARK [3][-]{subsubsection.4.2.3}{Transition delay Time \(Verz\366gerungszeit\)}{subsection.4.2}% 39
\BOOKMARK [2][-]{subsection.4.3}{Hazards}{section.4}% 40
\BOOKMARK [3][-]{subsubsection.4.3.1}{Statischer Hazard}{subsection.4.3}% 41
\BOOKMARK [3][-]{subsubsection.4.3.2}{Dynamischer Hazard}{subsection.4.3}% 42
\BOOKMARK [2][-]{subsection.4.4}{Aufbau logischer Gatter}{section.4}% 43
\BOOKMARK [1][-]{section.5}{Sequentielle Systeme}{}% 44
\BOOKMARK [2][-]{subsection.5.1}{Taktsignal}{section.5}% 45
\BOOKMARK [2][-]{subsection.5.2}{Flipflops und Latches}{section.5}% 46
\BOOKMARK [3][-]{subsubsection.5.2.1}{Unterschied Flipflop und Latch}{subsection.5.2}% 47
\BOOKMARK [3][-]{subsubsection.5.2.2}{Transmission Gate}{subsection.5.2}% 48
\BOOKMARK [3][-]{subsubsection.5.2.3}{RS-Latch}{subsection.5.2}% 49
\BOOKMARK [3][-]{subsubsection.5.2.4}{RS-Latch mit Clock}{subsection.5.2}% 50
\BOOKMARK [3][-]{subsubsection.5.2.5}{D-Latch}{subsection.5.2}% 51
\BOOKMARK [3][-]{subsubsection.5.2.6}{D-Flipflop mit Reset}{subsection.5.2}% 52
\BOOKMARK [3][-]{subsubsection.5.2.7}{Setup- und Holdtime}{subsection.5.2}% 53
\BOOKMARK [2][-]{subsection.5.3}{Beschreibung sequentieller Systeme}{section.5}% 54
\BOOKMARK [3][-]{subsubsection.5.3.1}{Tabellarische Beschreibung}{subsection.5.3}% 55
\BOOKMARK [3][-]{subsubsection.5.3.2}{Grafische Beschreibung \(Zustandsdiagramm\)}{subsection.5.3}% 56
\BOOKMARK [2][-]{subsection.5.4}{Strukturen der Finite State Machine}{section.5}% 57
\BOOKMARK [3][-]{subsubsection.5.4.1}{Grundstruktur}{subsection.5.4}% 58
\BOOKMARK [3][-]{subsubsection.5.4.2}{Mealy-System}{subsection.5.4}% 59
\BOOKMARK [3][-]{subsubsection.5.4.3}{Moore-System}{subsection.5.4}% 60
\BOOKMARK [3][-]{subsubsection.5.4.4}{Medwedjew-System}{subsection.5.4}% 61
\BOOKMARK [2][-]{subsection.5.5}{Zustandscodierung}{section.5}% 62
\BOOKMARK [2][-]{subsection.5.6}{Synthese von Zustandsmaschinen}{section.5}% 63
